<?xml version="1.0" encoding="UTF-8"?>
<!-- Generated by org.testng.reporters.JUnitReportReporter -->
<testsuite skipped="0" hostname="DESKTOP-GJE7KL3" name="com.testsuite.NewTest" tests="1" failures="0" timestamp="2022-10-30T23:27:35 CST" time="2.384" errors="0">
  <testcase name="Validate_DontAddProtection" time="2.384" classname="com.testsuite.NewTest"/>
  <system-out/>
</testsuite> <!-- com.testsuite.NewTest -->
