<?xml version="1.0" encoding="UTF-8"?>
<!-- Generated by org.testng.reporters.JUnitReportReporter -->
<testsuite skipped="0" hostname="DESKTOP-GJE7KL3" name="com.testsuite.UnoSuite" tests="3" failures="0" timestamp="2022-10-31T14:30:15 CST" time="51.070" errors="0">
  <testcase name="Validate_isbiggerThan" time="13.835" classname="com.testsuite.UnoSuite"/>
  <system-out/>
  <testcase name="Validate_islessThan" time="17.182" classname="com.testsuite.UnoSuite"/>
  <system-out/>
  <testcase name="Validate_DontAddProtection" time="20.053" classname="com.testsuite.UnoSuite"/>
  <system-out/>
</testsuite> <!-- com.testsuite.UnoSuite -->
